#
# A fatal error has been detected by the Java Runtime Environment:
#
#  EXCEPTION_ACCESS_VIOLATION (0xc0000005) at pc=0x00007ffb4439ac69, pid=9656, tid=2748
#
# JRE version: Java(TM) SE Runtime Environment (18.0.1+10) (build 18.0.1+10-24)
# Java VM: Java HotSpot(TM) 64-Bit Server VM (18.0.1+10-24, mixed mode, sharing, tiered, compressed oops, compressed class ptrs, g1 gc, windows-amd64)
# Problematic frame:
# V  [jvm.dll+0x26ac69]
#
# No core dump will be written. Minidumps are not enabled by default on client versions of Windows
#
# If you would like to submit a bug report, please visit:
#   https://bugreport.java.com/bugreport/crash.jsp
#

---------------  S U M M A R Y ------------

Command Line: -agentlib:jdwp=transport=dt_socket,address=127.0.0.1:55076,suspend=y,server=n -javaagent:C:\Users\Albatross\AppData\Local\JetBrains\IdeaIC2022.2\captureAgent\debugger-agent.jar -Dfile.encoding=UTF-8 -Dsun.stdout.encoding=UTF-8 -Dsun.stderr.encoding=UTF-8 trash.TinkoffContestKt

Host: Intel(R) Core(TM) i7-3770 CPU @ 3.40GHz, 8 cores, 15G,  Windows 10 , 64 bit Build 19041 (10.0.19041.2546)
Time: Sun Mar 19 19:47:54 2023 RTZ 2 (s 10 , 64 bit Build 19041 (10.0.19041.2546) elapsed time: 0.731400 seconds (0d 0h 0m 0s)

---------------  T H R E A D  ---------------

Current thread (0x000001a1657c2600):  JavaThread "main" [_thread_in_vm, id=2748, stack(0x0000009a88c00000,0x0000009a88d00000)]

Stack: [0x0000009a88c00000,0x0000009a88d00000],  sp=0x0000009a88cfebf0,  free space=1018k
Native frames: (J=compiled Java code, j=interpreted, Vv=VM code, C=native code)
V  [jvm.dll+0x26ac69]
V  [jvm.dll+0x26d8d1]
V  [jvm.dll+0x3a315d]
V  [jvm.dll+0x3a16aa]
C  0x000001a16d10f446

Java frames: (J=compiled Java code, j=interpreted, Vv=VM code)
j  sun.util.locale.BaseLocale.<init>(Ljava/lang/String;Ljava/lang/String;Ljava/lang/String;Ljava/lang/String;Z)V+0 java.base@18.0.1
j  sun.util.locale.BaseLocale$Key.<init>(Ljava/lang/String;Ljava/lang/String;Ljava/lang/String;Ljava/lang/String;Z)V+15 java.base@18.0.1
j  sun.util.locale.BaseLocale.getInstance(Ljava/lang/String;Ljava/lang/String;Ljava/lang/String;Ljava/lang/String;)Lsun/util/locale/BaseLocale;+133 java.base@18.0.1
j  java.util.Locale.getInstance(Ljava/lang/String;Ljava/lang/String;Ljava/lang/String;Ljava/lang/String;Lsun/util/locale/LocaleExtensions;)Ljava/util/Locale;+45 java.base@18.0.1
j  java.util.Locale.initDefault(Ljava/util/Locale$Category;)Ljava/util/Locale;+85 java.base@18.0.1
j  java.util.Locale.getFormatLocale()Ljava/util/Locale;+11 java.base@18.0.1
j  java.util.Locale.getDefault(Ljava/util/Locale$Category;)Ljava/util/Locale;+57 java.base@18.0.1
j  java.util.Scanner.<init>(Ljava/lang/Readable;Ljava/util/regex/Pattern;)V+240 java.base@18.0.1
j  java.util.Scanner.<init>(Ljava/io/InputStream;)V+12 java.base@18.0.1
j  trash.TinkoffContestKt.main()V+7
j  trash.TinkoffContestKt.main([Ljava/lang/String;)V+0
v  ~StubRoutines::call_stub

siginfo: EXCEPTION_ACCESS_VIOLATION (0xc0000005), reading address 0x0000000000000169


Register to memory mapping:

RIP=0x00007ffb4439ac69 jvm.dll
RAX=0x0000000000000001 is an unknown value
RBX=0x0000000000000001 is an unknown value
RCX=0x0000000000000001 is an unknown value
RDX=0x0 is NULL
RSP=0x0000009a88cfebf0 is pointing into the stack for thread: 0x000001a1657c2600
RBP=0x000001a1657c2e00 points into unknown readable memory: 0x0000000000000000 | 00 00 00 00 00 00 00 00
RSI=0x000001a1657c2ad0 points into unknown readable memory: 0x0000000500750072 | 72 00 75 00 05 00 00 00
RDI=0x0 is NULL
R8 =0x0000000000000001 is an unknown value
R9 =0x0000000000000001 is an unknown value
R10=0x000001a16d100000 points into unknown readable memory: 0x0000000000000006 | 06 00 00 00 00 00 00 00
R11=0x000001a174bd01a0 is at entry_point+32 in (nmethod*)0x000001a174bd0010
Compiled method (c2)     752   14       4       java.lang.Object::<init> (1 bytes)
 total in heap  [0x000001a174bd0010,0x000001a174bd0238] = 552
 relocation     [0x000001a174bd0168,0x000001a174bd0178] = 16
 main code      [0x000001a174bd0180,0x000001a174bd01e0] = 96
 stub code      [0x000001a174bd01e0,0x000001a174bd01f8] = 24
 metadata       [0x000001a174bd01f8,0x000001a174bd0208] = 16
 scopes data    [0x000001a174bd0208,0x000001a174bd0210] = 8
 scopes pcs     [0x000001a174bd0210,0x000001a174bd0230] = 32
 dependencies   [0x000001a174bd0230,0x000001a174bd0238] = 8
R12=0x0 is NULL
R13=0x0000000000000100 is an unknown value
R14=0x0000000000000001 is an unknown value
R15=0x0 is NULL


Registers:
RAX=0x0000000000000001, RBX=0x0000000000000001, RCX=0x0000000000000001, RDX=0x0000000000000000
RSP=0x0000009a88cfebf0, RBP=0x000001a1657c2e00, RSI=0x000001a1657c2ad0, RDI=0x0000000000000000
R8 =0x0000000000000001, R9 =0x0000000000000001, R10=0x000001a16d100000, R11=0x000001a174bd01a0
R12=0x0000000000000000, R13=0x0000000000000100, R14=0x0000000000000001, R15=0x0000000000000000
RIP=0x00007ffb4439ac69, EFLAGS=0x0000000000010246

Top of Stack: (sp=0x0000009a88cfebf0)
0x0000009a88cfebf0:   0000000000000000 0000000000000000
0x0000009a88cfec00:   0000000000000000 0000000000000000
0x0000009a88cfec10:   0000000000000000 0000000000000000
0x0000009a88cfec20:   00000000000003d8 0000000000000100
0x0000009a88cfec30:   000001a1657c2ac0 000001a1657c2ea8
0x0000009a88cfec40:   000001a1636c71f0 00007ffb4439d8d1
0x0000009a88cfec50:   000001a16d10f7e3 00007ffb00000000
0x0000009a88cfec60:   0000000000000002 0000009a88cfedf0
0x0000009a88cfec70:   000001a1657c2600 0000000000000000
0x0000009a88cfec80:   0000009a88cfeca4 0000009a88cfeca0
0x0000009a88cfec90:   0000009a88cfecf8 0000000000000000
0x0000009a88cfeca0:   0000009a88cfed40 00007ffb448de2d6
0x0000009a88cfecb0:   000001a1657c2600 0000009a88cfee70
0x0000009a88cfecc0:   00000008009a4e70 0000000000000000
0x0000009a88cfecd0:   0000000000000100 00007ffb444d315d
0x0000009a88cfece0:   000001a1657c2600 0000000000000001 

Instructions: (pc=0x00007ffb4439ac69)
0x00007ffb4439ab69:   4c 8b bc 24 80 04 00 00 4c 8b b4 24 88 04 00 00
0x00007ffb4439ab79:   4c 8b ac 24 90 04 00 00 4c 8b a4 24 98 04 00 00
0x00007ffb4439ab89:   48 8b bc 24 c0 04 00 00 48 8b ac 24 b8 04 00 00
0x00007ffb4439ab99:   48 8b 5c 24 40 85 f6 74 39 48 8b 0d 07 24 8e 00
0x00007ffb4439aba9:   48 8d 15 78 73 6a 00 0f 57 db 8b c6 44 8b c6 f2
0x00007ffb4439abb9:   48 0f 2a d8 48 8d 05 ac 73 6a 00 48 89 44 24 20
0x00007ffb4439abc9:   f2 0f 59 df f2 0f 5e de 66 49 0f 7e d9 e8 25 fe
0x00007ffb4439abd9:   42 00 48 8b 0d be 23 8e 00 0f 28 bc 24 60 04 00
0x00007ffb4439abe9:   00 0f 28 b4 24 70 04 00 00 48 85 c9 74 0c 48 8d
0x00007ffb4439abf9:   15 82 73 6a 00 e8 5d 6b 5b 00 48 8b cb e8 f5 ff
0x00007ffb4439ac09:   42 00 48 8b 9c 24 b0 04 00 00 48 8b 8c 24 50 04
0x00007ffb4439ac19:   00 00 48 33 cc e8 2d 34 5e 00 48 81 c4 a0 04 00
0x00007ffb4439ac29:   00 5e c3 cc cc cc cc 89 54 24 10 53 55 57 41 54
0x00007ffb4439ac39:   41 55 41 57 48 83 ec 28 33 ff 45 32 ff 40 32 ed
0x00007ffb4439ac49:   41 8b d8 4c 8b e9 44 8b e7 45 84 c9 74 54 40 38
0x00007ffb4439ac59:   bc 24 80 00 00 00 41 8d 40 1f 0f 44 c3 48 63 c8
0x00007ffb4439ac69:   42 0f b6 44 29 68 46 0f b6 64 29 68 ff c0 41 ff
0x00007ffb4439ac79:   c4 0f b6 d0 45 84 e4 74 07 46 88 64 29 68 eb 0f
0x00007ffb4439ac89:   41 ff 45 60 45 8b 65 60 41 81 c4 ff 00 00 00 83
0x00007ffb4439ac99:   fa 01 8b 54 24 68 41 0f 95 c7 41 39 7d 58 40 0f
0x00007ffb4439aca9:   95 c5 41 8d 40 ff 48 89 74 24 60 4c 89 74 24 20
0x00007ffb4439acb9:   40 88 6c 24 78 83 f8 07 77 15 8b f3 85 db 0f 84
0x00007ffb4439acc9:   cd 01 00 00 41 8d 40 ed 83 f8 02 76 28 eb 4b 83
0x00007ffb4439acd9:   fb 0f 75 05 8d 73 f2 eb 41 83 fb 13 75 05 8d 73
0x00007ffb4439ace9:   f1 eb 12 83 fb 14 75 05 8d 73 ed eb 08 83 fb 15
0x00007ffb4439acf9:   75 12 8d 73 ed 48 8b 84 24 88 00 00 00 48 85 c0
0x00007ffb4439ad09:   75 38 eb 1e 83 fb 17 75 05 8d 73 ef eb 0c 83 fb
0x00007ffb4439ad19:   18 0f 85 7a 01 00 00 8d 73 eb 48 89 bc 24 88 00
0x00007ffb4439ad29:   00 00 49 8b cd e8 bd 61 3e 00 4c 8b f0 48 85 c0
0x00007ffb4439ad39:   75 54 48 8b 84 24 88 00 00 00 8b 54 24 68 41 b1
0x00007ffb4439ad49:   01 4c 8b c0 49 8b cd e8 ab 64 3e 00 4c 8b f0 48
0x00007ffb4439ad59:   85 c0 75 32 8b 54 24 68 49 8b cd e8 87 61 3e 00 


Stack slot to memory mapping:
stack at sp + 0 slots: 0x0 is NULL
stack at sp + 1 slots: 0x0 is NULL
stack at sp + 2 slots: 0x0 is NULL
stack at sp + 3 slots: 0x0 is NULL
stack at sp + 4 slots: 0x0 is NULL
stack at sp + 5 slots: 0x0 is NULL
stack at sp + 6 slots: 0x00000000000003d8 is an unknown value
stack at sp + 7 slots: 0x0000000000000100 is an unknown value


---------------  P R O C E S S  ---------------

Threads class SMR info:
_java_thread_list=0x000001a10ca9a330, length=15, elements={
0x000001a1657c2600, 0x000001a108661b80, 0x000001a108663690, 0x000001a10867ca40,
0x000001a10867d3e0, 0x000001a10867dd80, 0x000001a10867e860, 0x000001a108684d00,
0x000001a108690760, 0x000001a108692840, 0x000001a10864dc40, 0x000001a10ca890d0,
0x000001a10ca373c0, 0x000001a10ca37ca0, 0x000001a10ca9a9b0
}

Java Threads: ( => current thread )
=>0x000001a1657c2600 JavaThread "main" [_thread_in_vm, id=2748, stack(0x0000009a88c00000,0x0000009a88d00000)]
  0x000001a108661b80 JavaThread "Reference Handler" daemon [_thread_blocked, id=8800, stack(0x0000009a89300000,0x0000009a89400000)]
  0x000001a108663690 JavaThread "Finalizer" daemon [_thread_blocked, id=9904, stack(0x0000009a89400000,0x0000009a89500000)]
  0x000001a10867ca40 JavaThread "Signal Dispatcher" daemon [_thread_blocked, id=6772, stack(0x0000009a89500000,0x0000009a89600000)]
  0x000001a10867d3e0 JavaThread "Attach Listener" daemon [_thread_blocked, id=2548, stack(0x0000009a89600000,0x0000009a89700000)]
  0x000001a10867dd80 JavaThread "Service Thread" daemon [_thread_blocked, id=8412, stack(0x0000009a89700000,0x0000009a89800000)]
  0x000001a10867e860 JavaThread "Monitor Deflation Thread" daemon [_thread_blocked, id=6584, stack(0x0000009a89800000,0x0000009a89900000)]
  0x000001a108684d00 JavaThread "C2 CompilerThread0" daemon [_thread_blocked, id=10048, stack(0x0000009a89900000,0x0000009a89a00000)]
  0x000001a108690760 JavaThread "C1 CompilerThread0" daemon [_thread_blocked, id=2456, stack(0x0000009a89a00000,0x0000009a89b00000)]
  0x000001a108692840 JavaThread "Sweeper thread" daemon [_thread_blocked, id=4304, stack(0x0000009a89b00000,0x0000009a89c00000)]
  0x000001a10864dc40 JavaThread "Common-Cleaner" daemon [_thread_blocked, id=3456, stack(0x0000009a89c00000,0x0000009a89d00000)]
  0x000001a10ca890d0 JavaThread "JDWP Transport Listener: dt_socket" daemon [_thread_blocked, id=11304, stack(0x0000009a89d00000,0x0000009a89e00000)]
  0x000001a10ca373c0 JavaThread "JDWP Event Helper Thread" daemon [_thread_blocked, id=10120, stack(0x0000009a89e00000,0x0000009a89f00000)]
  0x000001a10ca37ca0 JavaThread "JDWP Command Reader" daemon [_thread_in_native, id=7720, stack(0x0000009a89f00000,0x0000009a8a000000)]
  0x000001a10ca9a9b0 JavaThread "Notification Thread" daemon [_thread_blocked, id=8084, stack(0x0000009a8a000000,0x0000009a8a100000)]

Other Threads:
  0x000001a10865eb80 VMThread "VM Thread" [stack: 0x0000009a89200000,0x0000009a89300000] [id=1476]
  0x000001a10ca9e2b0 WatcherThread "VM Periodic Task Thread" [stack: 0x0000009a8a100000,0x0000009a8a200000] [id=2628]
  0x000001a165832020 WorkerThread "GC Thread#0" [stack: 0x0000009a88d00000,0x0000009a88e00000] [id=4892]
  0x000001a165844ef0 ConcurrentGCThread "G1 Main Marker" [stack: 0x0000009a88e00000,0x0000009a88f00000] [id=7792]
  0x000001a165846080 WorkerThread "G1 Conc#0" [stack: 0x0000009a88f00000,0x0000009a89000000] [id=1816]
  0x000001a1085180b0 ConcurrentGCThread "G1 Refine#0" [stack: 0x0000009a89000000,0x0000009a89100000] [id=6236]
  0x000001a1085189c0 ConcurrentGCThread "G1 Service" [stack: 0x0000009a89100000,0x0000009a89200000] [id=4612]

Threads with active compile tasks:

VM state: not at safepoint (normal execution)

VM Mutex/Monitor currently owned by a thread: None

Heap address: 0x0000000700800000, size: 4088 MB, Compressed Oops mode: Zero based, Oop shift amount: 3

CDS archive(s) mapped at: [0x0000000800000000-0x0000000800ba0000-0x0000000800ba0000), size 12189696, SharedBaseAddress: 0x0000000800000000, ArchiveRelocationMode: 0.
Compressed class space mapped at: 0x0000000800c00000-0x0000000840c00000, reserved size: 1073741824
Narrow klass base: 0x0000000800000000, Narrow klass shift: 0, Narrow klass range: 0x100000000

GC Precious Log:
 CardTable entry size: 512
 Card Set container configuration: InlinePtr #cards 4 size 8 Array Of Cards #cards 16 size 48 Howl #buckets 8 coarsen threshold 3686 Howl Bitmap #cards 512 size 80 coarsen threshold 460 Card regions per heap region 1 cards per card region 4096
 CPUs: 8 total, 8 available
 Memory: 16345M
 Large Page Support: Disabled
 NUMA Support: Disabled
 Compressed Oops: Enabled (Zero based)
 Heap Region Size: 2M
 Heap Min Capacity: 8M
 Heap Initial Capacity: 256M
 Heap Max Capacity: 4088M
 Pre-touch: Disabled
 Parallel Workers: 8
 Concurrent Workers: 2
 Concurrent Refinement Workers: 8
 Periodic GC: Disabled

Heap:
 garbage-first heap   total 262144K, used 2048K [0x0000000700800000, 0x0000000800000000)
  region size 2048K, 2 young (4096K), 0 survivors (0K)
 Metaspace       used 555K, committed 704K, reserved 1114112K
  class space    used 33K, committed 128K, reserved 1048576K

Heap Regions: E=young(eden), S=young(survivor), O=old, HS=humongous(starts), HC=humongous(continues), CS=collection set, F=free, OA=open archive, CA=closed archive, TAMS=top-at-mark-start (previous, next)
|   0|0x0000000700800000, 0x0000000700800000, 0x0000000700a00000|  0%| F|  |TAMS 0x0000000700800000, 0x0000000700800000| Untracked 
|   1|0x0000000700a00000, 0x0000000700a00000, 0x0000000700c00000|  0%| F|  |TAMS 0x0000000700a00000, 0x0000000700a00000| Untracked 
|   2|0x0000000700c00000, 0x0000000700c00000, 0x0000000700e00000|  0%| F|  |TAMS 0x0000000700c00000, 0x0000000700c00000| Untracked 
|   3|0x0000000700e00000, 0x0000000700e00000, 0x0000000701000000|  0%| F|  |TAMS 0x0000000700e00000, 0x0000000700e00000| Untracked 
|   4|0x0000000701000000, 0x0000000701000000, 0x0000000701200000|  0%| F|  |TAMS 0x0000000701000000, 0x0000000701000000| Untracked 
|   5|0x0000000701200000, 0x0000000701200000, 0x0000000701400000|  0%| F|  |TAMS 0x0000000701200000, 0x0000000701200000| Untracked 
|   6|0x0000000701400000, 0x0000000701400000, 0x0000000701600000|  0%| F|  |TAMS 0x0000000701400000, 0x0000000701400000| Untracked 
|   7|0x0000000701600000, 0x0000000701600000, 0x0000000701800000|  0%| F|  |TAMS 0x0000000701600000, 0x0000000701600000| Untracked 
|   8|0x0000000701800000, 0x0000000701800000, 0x0000000701a00000|  0%| F|  |TAMS 0x0000000701800000, 0x0000000701800000| Untracked 
|   9|0x0000000701a00000, 0x0000000701a00000, 0x0000000701c00000|  0%| F|  |TAMS 0x0000000701a00000, 0x0000000701a00000| Untracked 
|  10|0x0000000701c00000, 0x0000000701c00000, 0x0000000701e00000|  0%| F|  |TAMS 0x0000000701c00000, 0x0000000701c00000| Untracked 
|  11|0x0000000701e00000, 0x0000000701e00000, 0x0000000702000000|  0%| F|  |TAMS 0x0000000701e00000, 0x0000000701e00000| Untracked 
|  12|0x0000000702000000, 0x0000000702000000, 0x0000000702200000|  0%| F|  |TAMS 0x0000000702000000, 0x0000000702000000| Untracked 
|  13|0x0000000702200000, 0x0000000702200000, 0x0000000702400000|  0%| F|  |TAMS 0x0000000702200000, 0x0000000702200000| Untracked 
|  14|0x0000000702400000, 0x0000000702400000, 0x0000000702600000|  0%| F|  |TAMS 0x0000000702400000, 0x0000000702400000| Untracked 
|  15|0x0000000702600000, 0x0000000702600000, 0x0000000702800000|  0%| F|  |TAMS 0x0000000702600000, 0x0000000702600000| Untracked 
|  16|0x0000000702800000, 0x0000000702800000, 0x0000000702a00000|  0%| F|  |TAMS 0x0000000702800000, 0x0000000702800000| Untracked 
|  17|0x0000000702a00000, 0x0000000702a00000, 0x0000000702c00000|  0%| F|  |TAMS 0x0000000702a00000, 0x0000000702a00000| Untracked 
|  18|0x0000000702c00000, 0x0000000702c00000, 0x0000000702e00000|  0%| F|  |TAMS 0x0000000702c00000, 0x0000000702c00000| Untracked 
|  19|0x0000000702e00000, 0x0000000702e00000, 0x0000000703000000|  0%| F|  |TAMS 0x0000000702e00000, 0x0000000702e00000| Untracked 
|  20|0x0000000703000000, 0x0000000703000000, 0x0000000703200000|  0%| F|  |TAMS 0x0000000703000000, 0x0000000703000000| Untracked 
|  21|0x0000000703200000, 0x0000000703200000, 0x0000000703400000|  0%| F|  |TAMS 0x0000000703200000, 0x0000000703200000| Untracked 
|  22|0x0000000703400000, 0x0000000703400000, 0x0000000703600000|  0%| F|  |TAMS 0x0000000703400000, 0x0000000703400000| Untracked 
|  23|0x0000000703600000, 0x0000000703600000, 0x0000000703800000|  0%| F|  |TAMS 0x0000000703600000, 0x0000000703600000| Untracked 
|  24|0x0000000703800000, 0x0000000703800000, 0x0000000703a00000|  0%| F|  |TAMS 0x0000000703800000, 0x0000000703800000| Untracked 
|  25|0x0000000703a00000, 0x0000000703a00000, 0x0000000703c00000|  0%| F|  |TAMS 0x0000000703a00000, 0x0000000703a00000| Untracked 
|  26|0x0000000703c00000, 0x0000000703c00000, 0x0000000703e00000|  0%| F|  |TAMS 0x0000000703c00000, 0x0000000703c00000| Untracked 
|  27|0x0000000703e00000, 0x0000000703e00000, 0x0000000704000000|  0%| F|  |TAMS 0x0000000703e00000, 0x0000000703e00000| Untracked 
|  28|0x0000000704000000, 0x0000000704000000, 0x0000000704200000|  0%| F|  |TAMS 0x0000000704000000, 0x0000000704000000| Untracked 
|  29|0x0000000704200000, 0x0000000704200000, 0x0000000704400000|  0%| F|  |TAMS 0x0000000704200000, 0x0000000704200000| Untracked 
|  30|0x0000000704400000, 0x0000000704400000, 0x0000000704600000|  0%| F|  |TAMS 0x0000000704400000, 0x0000000704400000| Untracked 
|  31|0x0000000704600000, 0x0000000704600000, 0x0000000704800000|  0%| F|  |TAMS 0x0000000704600000, 0x0000000704600000| Untracked 
|  32|0x0000000704800000, 0x0000000704800000, 0x0000000704a00000|  0%| F|  |TAMS 0x0000000704800000, 0x0000000704800000| Untracked 
|  33|0x0000000704a00000, 0x0000000704a00000, 0x0000000704c00000|  0%| F|  |TAMS 0x0000000704a00000, 0x0000000704a00000| Untracked 
|  34|0x0000000704c00000, 0x0000000704c00000, 0x0000000704e00000|  0%| F|  |TAMS 0x0000000704c00000, 0x0000000704c00000| Untracked 
|  35|0x0000000704e00000, 0x0000000704e00000, 0x0000000705000000|  0%| F|  |TAMS 0x0000000704e00000, 0x0000000704e00000| Untracked 
|  36|0x0000000705000000, 0x0000000705000000, 0x0000000705200000|  0%| F|  |TAMS 0x0000000705000000, 0x0000000705000000| Untracked 
|  37|0x0000000705200000, 0x0000000705200000, 0x0000000705400000|  0%| F|  |TAMS 0x0000000705200000, 0x0000000705200000| Untracked 
|  38|0x0000000705400000, 0x0000000705400000, 0x0000000705600000|  0%| F|  |TAMS 0x0000000705400000, 0x0000000705400000| Untracked 
|  39|0x0000000705600000, 0x0000000705600000, 0x0000000705800000|  0%| F|  |TAMS 0x0000000705600000, 0x0000000705600000| Untracked 
|  40|0x0000000705800000, 0x0000000705800000, 0x0000000705a00000|  0%| F|  |TAMS 0x0000000705800000, 0x0000000705800000| Untracked 
|  41|0x0000000705a00000, 0x0000000705a00000, 0x0000000705c00000|  0%| F|  |TAMS 0x0000000705a00000, 0x0000000705a00000| Untracked 
|  42|0x0000000705c00000, 0x0000000705c00000, 0x0000000705e00000|  0%| F|  |TAMS 0x0000000705c00000, 0x0000000705c00000| Untracked 
|  43|0x0000000705e00000, 0x0000000705e00000, 0x0000000706000000|  0%| F|  |TAMS 0x0000000705e00000, 0x0000000705e00000| Untracked 
|  44|0x0000000706000000, 0x0000000706000000, 0x0000000706200000|  0%| F|  |TAMS 0x0000000706000000, 0x0000000706000000| Untracked 
|  45|0x0000000706200000, 0x0000000706200000, 0x0000000706400000|  0%| F|  |TAMS 0x0000000706200000, 0x0000000706200000| Untracked 
|  46|0x0000000706400000, 0x0000000706400000, 0x0000000706600000|  0%| F|  |TAMS 0x0000000706400000, 0x0000000706400000| Untracked 
|  47|0x0000000706600000, 0x0000000706600000, 0x0000000706800000|  0%| F|  |TAMS 0x0000000706600000, 0x0000000706600000| Untracked 
|  48|0x0000000706800000, 0x0000000706800000, 0x0000000706a00000|  0%| F|  |TAMS 0x0000000706800000, 0x0000000706800000| Untracked 
|  49|0x0000000706a00000, 0x0000000706a00000, 0x0000000706c00000|  0%| F|  |TAMS 0x0000000706a00000, 0x0000000706a00000| Untracked 
|  50|0x0000000706c00000, 0x0000000706c00000, 0x0000000706e00000|  0%| F|  |TAMS 0x0000000706c00000, 0x0000000706c00000| Untracked 
|  51|0x0000000706e00000, 0x0000000706e00000, 0x0000000707000000|  0%| F|  |TAMS 0x0000000706e00000, 0x0000000706e00000| Untracked 
|  52|0x0000000707000000, 0x0000000707000000, 0x0000000707200000|  0%| F|  |TAMS 0x0000000707000000, 0x0000000707000000| Untracked 
|  53|0x0000000707200000, 0x0000000707200000, 0x0000000707400000|  0%| F|  |TAMS 0x0000000707200000, 0x0000000707200000| Untracked 
|  54|0x0000000707400000, 0x0000000707400000, 0x0000000707600000|  0%| F|  |TAMS 0x0000000707400000, 0x0000000707400000| Untracked 
|  55|0x0000000707600000, 0x0000000707600000, 0x0000000707800000|  0%| F|  |TAMS 0x0000000707600000, 0x0000000707600000| Untracked 
|  56|0x0000000707800000, 0x0000000707800000, 0x0000000707a00000|  0%| F|  |TAMS 0x0000000707800000, 0x0000000707800000| Untracked 
|  57|0x0000000707a00000, 0x0000000707a00000, 0x0000000707c00000|  0%| F|  |TAMS 0x0000000707a00000, 0x0000000707a00000| Untracked 
|  58|0x0000000707c00000, 0x0000000707c00000, 0x0000000707e00000|  0%| F|  |TAMS 0x0000000707c00000, 0x0000000707c00000| Untracked 
|  59|0x0000000707e00000, 0x0000000707e00000, 0x0000000708000000|  0%| F|  |TAMS 0x0000000707e00000, 0x0000000707e00000| Untracked 
|  60|0x0000000708000000, 0x0000000708000000, 0x0000000708200000|  0%| F|  |TAMS 0x0000000708000000, 0x0000000708000000| Untracked 
|  61|0x0000000708200000, 0x0000000708200000, 0x0000000708400000|  0%| F|  |TAMS 0x0000000708200000, 0x0000000708200000| Untracked 
|  62|0x0000000708400000, 0x0000000708400000, 0x0000000708600000|  0%| F|  |TAMS 0x0000000708400000, 0x0000000708400000| Untracked 
|  63|0x0000000708600000, 0x0000000708600000, 0x0000000708800000|  0%| F|  |TAMS 0x0000000708600000, 0x0000000708600000| Untracked 
|  64|0x0000000708800000, 0x0000000708800000, 0x0000000708a00000|  0%| F|  |TAMS 0x0000000708800000, 0x0000000708800000| Untracked 
|  65|0x0000000708a00000, 0x0000000708a00000, 0x0000000708c00000|  0%| F|  |TAMS 0x0000000708a00000, 0x0000000708a00000| Untracked 
|  66|0x0000000708c00000, 0x0000000708c00000, 0x0000000708e00000|  0%| F|  |TAMS 0x0000000708c00000, 0x0000000708c00000| Untracked 
|  67|0x0000000708e00000, 0x0000000708e00000, 0x0000000709000000|  0%| F|  |TAMS 0x0000000708e00000, 0x0000000708e00000| Untracked 
|  68|0x0000000709000000, 0x0000000709000000, 0x0000000709200000|  0%| F|  |TAMS 0x0000000709000000, 0x0000000709000000| Untracked 
|  69|0x0000000709200000, 0x0000000709200000, 0x0000000709400000|  0%| F|  |TAMS 0x0000000709200000, 0x0000000709200000| Untracked 
|  70|0x0000000709400000, 0x0000000709400000, 0x0000000709600000|  0%| F|  |TAMS 0x0000000709400000, 0x0000000709400000| Untracked 
|  71|0x0000000709600000, 0x0000000709600000, 0x0000000709800000|  0%| F|  |TAMS 0x0000000709600000, 0x0000000709600000| Untracked 
|  72|0x0000000709800000, 0x0000000709800000, 0x0000000709a00000|  0%| F|  |TAMS 0x0000000709800000, 0x0000000709800000| Untracked 
|  73|0x0000000709a00000, 0x0000000709a00000, 0x0000000709c00000|  0%| F|  |TAMS 0x0000000709a00000, 0x0000000709a00000| Untracked 
|  74|0x0000000709c00000, 0x0000000709c00000, 0x0000000709e00000|  0%| F|  |TAMS 0x0000000709c00000, 0x0000000709c00000| Untracked 
|  75|0x0000000709e00000, 0x0000000709e00000, 0x000000070a000000|  0%| F|  |TAMS 0x0000000709e00000, 0x0000000709e00000| Untracked 
|  76|0x000000070a000000, 0x000000070a000000, 0x000000070a200000|  0%| F|  |TAMS 0x000000070a000000, 0x000000070a000000| Untracked 
|  77|0x000000070a200000, 0x000000070a200000, 0x000000070a400000|  0%| F|  |TAMS 0x000000070a200000, 0x000000070a200000| Untracked 
|  78|0x000000070a400000, 0x000000070a400000, 0x000000070a600000|  0%| F|  |TAMS 0x000000070a400000, 0x000000070a400000| Untracked 
|  79|0x000000070a600000, 0x000000070a600000, 0x000000070a800000|  0%| F|  |TAMS 0x000000070a600000, 0x000000070a600000| Untracked 
|  80|0x000000070a800000, 0x000000070a800000, 0x000000070aa00000|  0%| F|  |TAMS 0x000000070a800000, 0x000000070a800000| Untracked 
|  81|0x000000070aa00000, 0x000000070aa00000, 0x000000070ac00000|  0%| F|  |TAMS 0x000000070aa00000, 0x000000070aa00000| Untracked 
|  82|0x000000070ac00000, 0x000000070ac00000, 0x000000070ae00000|  0%| F|  |TAMS 0x000000070ac00000, 0x000000070ac00000| Untracked 
|  83|0x000000070ae00000, 0x000000070ae00000, 0x000000070b000000|  0%| F|  |TAMS 0x000000070ae00000, 0x000000070ae00000| Untracked 
|  84|0x000000070b000000, 0x000000070b000000, 0x000000070b200000|  0%| F|  |TAMS 0x000000070b000000, 0x000000070b000000| Untracked 
|  85|0x000000070b200000, 0x000000070b200000, 0x000000070b400000|  0%| F|  |TAMS 0x000000070b200000, 0x000000070b200000| Untracked 
|  86|0x000000070b400000, 0x000000070b400000, 0x000000070b600000|  0%| F|  |TAMS 0x000000070b400000, 0x000000070b400000| Untracked 
|  87|0x000000070b600000, 0x000000070b600000, 0x000000070b800000|  0%| F|  |TAMS 0x000000070b600000, 0x000000070b600000| Untracked 
|  88|0x000000070b800000, 0x000000070b800000, 0x000000070ba00000|  0%| F|  |TAMS 0x000000070b800000, 0x000000070b800000| Untracked 
|  89|0x000000070ba00000, 0x000000070ba00000, 0x000000070bc00000|  0%| F|  |TAMS 0x000000070ba00000, 0x000000070ba00000| Untracked 
|  90|0x000000070bc00000, 0x000000070bc00000, 0x000000070be00000|  0%| F|  |TAMS 0x000000070bc00000, 0x000000070bc00000| Untracked 
|  91|0x000000070be00000, 0x000000070be00000, 0x000000070c000000|  0%| F|  |TAMS 0x000000070be00000, 0x000000070be00000| Untracked 
|  92|0x000000070c000000, 0x000000070c000000, 0x000000070c200000|  0%| F|  |TAMS 0x000000070c000000, 0x000000070c000000| Untracked 
|  93|0x000000070c200000, 0x000000070c200000, 0x000000070c400000|  0%| F|  |TAMS 0x000000070c200000, 0x000000070c200000| Untracked 
|  94|0x000000070c400000, 0x000000070c400000, 0x000000070c600000|  0%| F|  |TAMS 0x000000070c400000, 0x000000070c400000| Untracked 
|  95|0x000000070c600000, 0x000000070c600000, 0x000000070c800000|  0%| F|  |TAMS 0x000000070c600000, 0x000000070c600000| Untracked 
|  96|0x000000070c800000, 0x000000070c800000, 0x000000070ca00000|  0%| F|  |TAMS 0x000000070c800000, 0x000000070c800000| Untracked 
|  97|0x000000070ca00000, 0x000000070ca00000, 0x000000070cc00000|  0%| F|  |TAMS 0x000000070ca00000, 0x000000070ca00000| Untracked 
|  98|0x000000070cc00000, 0x000000070cc00000, 0x000000070ce00000|  0%| F|  |TAMS 0x000000070cc00000, 0x000000070cc00000| Untracked 
|  99|0x000000070ce00000, 0x000000070ce00000, 0x000000070d000000|  0%| F|  |TAMS 0x000000070ce00000, 0x000000070ce00000| Untracked 
| 100|0x000000070d000000, 0x000000070d000000, 0x000000070d200000|  0%| F|  |TAMS 0x000000070d000000, 0x000000070d000000| Untracked 
| 101|0x000000070d200000, 0x000000070d200000, 0x000000070d400000|  0%| F|  |TAMS 0x000000070d200000, 0x000000070d200000| Untracked 
| 102|0x000000070d400000, 0x000000070d400000, 0x000000070d600000|  0%| F|  |TAMS 0x000000070d400000, 0x000000070d400000| Untracked 
| 103|0x000000070d600000, 0x000000070d600000, 0x000000070d800000|  0%| F|  |TAMS 0x000000070d600000, 0x000000070d600000| Untracked 
| 104|0x000000070d800000, 0x000000070d800000, 0x000000070da00000|  0%| F|  |TAMS 0x000000070d800000, 0x000000070d800000| Untracked 
| 105|0x000000070da00000, 0x000000070da00000, 0x000000070dc00000|  0%| F|  |TAMS 0x000000070da00000, 0x000000070da00000| Untracked 
| 106|0x000000070dc00000, 0x000000070dc00000, 0x000000070de00000|  0%| F|  |TAMS 0x000000070dc00000, 0x000000070dc00000| Untracked 
| 107|0x000000070de00000, 0x000000070de00000, 0x000000070e000000|  0%| F|  |TAMS 0x000000070de00000, 0x000000070de00000| Untracked 
| 108|0x000000070e000000, 0x000000070e000000, 0x000000070e200000|  0%| F|  |TAMS 0x000000070e000000, 0x000000070e000000| Untracked 
| 109|0x000000070e200000, 0x000000070e200000, 0x000000070e400000|  0%| F|  |TAMS 0x000000070e200000, 0x000000070e200000| Untracked 
| 110|0x000000070e400000, 0x000000070e400000, 0x000000070e600000|  0%| F|  |TAMS 0x000000070e400000, 0x000000070e400000| Untracked 
| 111|0x000000070e600000, 0x000000070e600000, 0x000000070e800000|  0%| F|  |TAMS 0x000000070e600000, 0x000000070e600000| Untracked 
| 112|0x000000070e800000, 0x000000070e800000, 0x000000070ea00000|  0%| F|  |TAMS 0x000000070e800000, 0x000000070e800000| Untracked 
| 113|0x000000070ea00000, 0x000000070ea00000, 0x000000070ec00000|  0%| F|  |TAMS 0x000000070ea00000, 0x000000070ea00000| Untracked 
| 114|0x000000070ec00000, 0x000000070ec00000, 0x000000070ee00000|  0%| F|  |TAMS 0x000000070ec00000, 0x000000070ec00000| Untracked 
| 115|0x000000070ee00000, 0x000000070ee00000, 0x000000070f000000|  0%| F|  |TAMS 0x000000070ee00000, 0x000000070ee00000| Untracked 
| 116|0x000000070f000000, 0x000000070f000000, 0x000000070f200000|  0%| F|  |TAMS 0x000000070f000000, 0x000000070f000000| Untracked 
| 117|0x000000070f200000, 0x000000070f200000, 0x000000070f400000|  0%| F|  |TAMS 0x000000070f200000, 0x000000070f200000| Untracked 
| 118|0x000000070f400000, 0x000000070f400000, 0x000000070f600000|  0%| F|  |TAMS 0x000000070f400000, 0x000000070f400000| Untracked 
| 119|0x000000070f600000, 0x000000070f600000, 0x000000070f800000|  0%| F|  |TAMS 0x000000070f600000, 0x000000070f600000| Untracked 
| 120|0x000000070f800000, 0x000000070f800000, 0x000000070fa00000|  0%| F|  |TAMS 0x000000070f800000, 0x000000070f800000| Untracked 
| 121|0x000000070fa00000, 0x000000070fa00000, 0x000000070fc00000|  0%| F|  |TAMS 0x000000070fa00000, 0x000000070fa00000| Untracked 
| 122|0x000000070fc00000, 0x000000070fc00000, 0x000000070fe00000|  0%| F|  |TAMS 0x000000070fc00000, 0x000000070fc00000| Untracked 
| 123|0x000000070fe00000, 0x000000070fe00000, 0x0000000710000000|  0%| F|  |TAMS 0x000000070fe00000, 0x000000070fe00000| Untracked 
| 124|0x0000000710000000, 0x0000000710000000, 0x0000000710200000|  0%| F|  |TAMS 0x0000000710000000, 0x0000000710000000| Untracked 
| 125|0x0000000710200000, 0x0000000710200000, 0x0000000710400000|  0%| F|  |TAMS 0x0000000710200000, 0x0000000710200000| Untracked 
| 126|0x0000000710400000, 0x00000007105529c0, 0x0000000710600000| 66%| E|  |TAMS 0x0000000710400000, 0x0000000710400000| Complete 
| 127|0x0000000710600000, 0x0000000710800000, 0x0000000710800000|100%| E|CS|TAMS 0x0000000710600000, 0x0000000710600000| Complete 

Card table byte_map: [0x000001a17cc30000,0x000001a17d430000] _byte_map_base: 0x000001a17942c000

Marking Bits (Prev, Next): (CMBitMap*) 0x000001a165833630, (CMBitMap*) 0x000001a165833670
 Prev Bits: [0x000001a100000000, 0x000001a103fe0000)
 Next Bits: [0x000001a103fe0000, 0x000001a107fc0000)

Polling page: 0x000001a163660000

Metaspace:

Usage:
  Non-class:    521.80 KB used.
      Class:     33.60 KB used.
       Both:    555.40 KB used.

Virtual space:
  Non-class space:       64.00 MB reserved,     576.00 KB ( <1%) committed,  1 nodes.
      Class space:        1.00 GB reserved,     128.00 KB ( <1%) committed,  1 nodes.
             Both:        1.06 GB reserved,     704.00 KB ( <1%) committed. 

Chunk freelists:
   Non-Class:  3.98 MB
       Class:  3.74 MB
        Both:  7.71 MB

MaxMetaspaceSize: unlimited
CompressedClassSpaceSize: 1.00 GB
Initial GC threshold: 21.00 MB
Current GC threshold: 21.00 MB
CDS: on
MetaspaceReclaimPolicy: balanced
 - commit_granule_bytes: 65536.
 - commit_granule_words: 8192.
 - virtual_space_node_default_size: 8388608.
 - enlarge_chunks_in_place: 1.
 - new_chunks_are_fully_committed: 0.
 - uncommit_free_chunks: 1.
 - use_allocation_guard: 0.


Internal statistics:

num_allocs_failed_limit: 0.
num_arena_births: 22.
num_arena_deaths: 0.
num_vsnodes_births: 2.
num_vsnodes_deaths: 0.
num_space_committed: 11.
num_space_uncommitted: 0.
num_chunks_returned_to_freelist: 0.
num_chunks_taken_from_freelist: 24.
num_chunk_merges: 0.
num_chunk_splits: 14.
num_chunks_enlarged: 9.
num_inconsistent_stats: 0.

CodeHeap 'non-profiled nmethods': size=120000Kb used=82Kb max_used=82Kb free=119918Kb
 bounds [0x000001a174bd0000, 0x000001a174e40000, 0x000001a17c100000]
CodeHeap 'profiled nmethods': size=120000Kb used=255Kb max_used=255Kb free=119744Kb
 bounds [0x000001a16d6a0000, 0x000001a16d910000, 0x000001a174bd0000]
CodeHeap 'non-nmethods': size=5760Kb used=1160Kb max_used=1173Kb free=4599Kb
 bounds [0x000001a16d100000, 0x000001a16d370000, 0x000001a16d6a0000]
 total_blobs=578 nmethods=228 adapters=263
 compilation: enabled
              stopped_count=0, restarted_count=0
 full_count=0

Compilation events (20 events):
Event: 0.716 Thread 0x000001a108690760  212       1       java.lang.invoke.MethodTypeForm::erasedType (5 bytes)
Event: 0.716 Thread 0x000001a108690760 nmethod 212 0x000001a174be2b90 code [0x000001a174be2d20, 0x000001a174be2df8]
Event: 0.716 Thread 0x000001a108690760  213       1       sun.instrument.TransformerManager$TransformerInfo::transformer (5 bytes)
Event: 0.716 Thread 0x000001a108690760 nmethod 213 0x000001a174be2e90 code [0x000001a174be3020, 0x000001a174be30f8]
Event: 0.717 Thread 0x000001a108690760  214   !   3       java.lang.invoke.MemberName::getMethodType (211 bytes)
Event: 0.718 Thread 0x000001a108690760 nmethod 214 0x000001a16d6da190 code [0x000001a16d6da460, 0x000001a16d6db9f8]
Event: 0.718 Thread 0x000001a108690760  215       3       java.lang.String::checkBoundsBeginEnd (11 bytes)
Event: 0.718 Thread 0x000001a108690760 nmethod 215 0x000001a16d6dc010 code [0x000001a16d6dc1c0, 0x000001a16d6dc428]
Event: 0.718 Thread 0x000001a108690760  216       3       java.lang.String::substring (58 bytes)
Event: 0.719 Thread 0x000001a108690760 nmethod 216 0x000001a16d6dc590 code [0x000001a16d6dc7a0, 0x000001a16d6dcde8]
Event: 0.719 Thread 0x000001a108690760  220       3       java.lang.invoke.MethodType$ConcurrentWeakInternSet::expungeStaleElements (27 bytes)
Event: 0.719 Thread 0x000001a108690760 nmethod 220 0x000001a16d6dd090 code [0x000001a16d6dd280, 0x000001a16d6dd7d8]
Event: 0.719 Thread 0x000001a108690760  224       3       java.lang.invoke.MethodType::checkPtypes (76 bytes)
Event: 0.720 Thread 0x000001a108690760 nmethod 224 0x000001a16d6dda10 code [0x000001a16d6ddca0, 0x000001a16d6de668]
Event: 0.720 Thread 0x000001a108690760  218       3       java.lang.StringBuilder::append (8 bytes)
Event: 0.720 Thread 0x000001a108690760 nmethod 218 0x000001a16d6dea90 code [0x000001a16d6dec20, 0x000001a16d6ded68]
Event: 0.720 Thread 0x000001a108690760  219       3       java.lang.AbstractStringBuilder::append (77 bytes)
Event: 0.721 Thread 0x000001a108690760 nmethod 219 0x000001a16d6dee10 code [0x000001a16d6df020, 0x000001a16d6df718]
Event: 0.721 Thread 0x000001a108690760  228       3       java.lang.invoke.MemberName::isConstructor (8 bytes)
Event: 0.721 Thread 0x000001a108690760 nmethod 228 0x000001a16d6df990 code [0x000001a16d6dfb40, 0x000001a16d6dfd78]

GC Heap History (0 events):
No events

Deoptimization events (0 events):
No events

Classes loaded (20 events):
Event: 0.664 Loading class com/intellij/rt/debugger/agent/CollectionBreakpointInstrumentor$CollectionBreakpointTransformer
Event: 0.664 Loading class com/intellij/rt/debugger/agent/CollectionBreakpointInstrumentor$CollectionBreakpointTransformer done
Event: 0.668 Loading class trash/TinkoffContestKt
Event: 0.668 Loading class trash/TinkoffContestKt done
Event: 0.668 Loading class jdk/internal/loader/URLClassPath$FileLoader
Event: 0.668 Loading class jdk/internal/loader/URLClassPath$FileLoader done
Event: 0.670 Loading class jdk/internal/loader/URLClassPath$FileLoader$1
Event: 0.670 Loading class jdk/internal/loader/URLClassPath$FileLoader$1 done
Event: 0.712 Loading class java/util/Scanner
Event: 0.713 Loading class java/util/Scanner done
Event: 0.721 Loading class java/io/InputStreamReader
Event: 0.721 Loading class java/io/Reader
Event: 0.721 Loading class java/io/Reader done
Event: 0.721 Loading class java/io/InputStreamReader done
Event: 0.722 Loading class sun/nio/cs/StreamDecoder
Event: 0.722 Loading class sun/nio/cs/StreamDecoder done
Event: 0.722 Loading class sun/nio/cs/UTF_8$Decoder
Event: 0.722 Loading class sun/nio/cs/UTF_8$Decoder done
Event: 0.722 Loading class java/util/Scanner$PatternLRUCache
Event: 0.722 Loading class java/util/Scanner$PatternLRUCache done

Classes unloaded (0 events):
No events

Classes redefined (0 events):
No events

Internal exceptions (2 events):
Event: 0.646 Thread 0x000001a1657c2600 Exception <a 'java/lang/NoSuchMethodError'{0x000000071040c180}: 'void java.lang.invoke.DirectMethodHandle$Holder.invokeStatic(java.lang.Object, java.lang.Object, java.lang.Object)'> (0x000000071040c180) 
thrown [s\open\src\hotspot\share\interpreter\linkResolver.cpp, line 766]
Event: 0.654 Thread 0x000001a1657c2600 Exception <a 'java/lang/NoSuchMethodError'{0x0000000710424e98}: 'java.lang.Object java.lang.invoke.Invokers$Holder.invokeExact_MT(java.lang.Object, java.lang.Object, java.lang.Object, java.lang.Object, java.lang.Object)'> (0x0000000710424e98) 
thrown [s\open\src\hotspot\share\interpreter\linkResolver.cpp, line 766]

VM Operations (10 events):
Event: 0.081 Executing VM operation: HandshakeAllThreads
Event: 0.081 Executing VM operation: HandshakeAllThreads done
Event: 0.107 Executing VM operation: ChangeBreakpoints
Event: 0.107 Executing VM operation: ChangeBreakpoints done
Event: 0.641 Executing VM operation: ChangeBreakpoints
Event: 0.641 Executing VM operation: ChangeBreakpoints done
Event: 0.641 Executing VM operation: ChangeBreakpoints
Event: 0.641 Executing VM operation: ChangeBreakpoints done
Event: 0.711 Executing VM operation: ChangeBreakpoints
Event: 0.711 Executing VM operation: ChangeBreakpoints done

Events (19 events):
Event: 0.009 Loaded shared library C:\Program Files\Java\jdk-18.0.1\bin\java.dll
Event: 0.011 Loaded shared library C:\Program Files\Java\jdk-18.0.1\bin\zip.dll
Event: 0.023 Loaded shared library C:\Program Files\Java\jdk-18.0.1\bin\jsvml.dll
Event: 0.023 Thread 0x000001a1657c2600 Thread added: 0x000001a1657c2600
Event: 0.026 Thread 0x000001a108661b80 Thread added: 0x000001a108661b80
Event: 0.027 Thread 0x000001a108663690 Thread added: 0x000001a108663690
Event: 0.040 Thread 0x000001a10867ca40 Thread added: 0x000001a10867ca40
Event: 0.040 Thread 0x000001a10867d3e0 Thread added: 0x000001a10867d3e0
Event: 0.040 Thread 0x000001a10867dd80 Thread added: 0x000001a10867dd80
Event: 0.040 Thread 0x000001a10867e860 Thread added: 0x000001a10867e860
Event: 0.040 Thread 0x000001a108684d00 Thread added: 0x000001a108684d00
Event: 0.040 Thread 0x000001a108690760 Thread added: 0x000001a108690760
Event: 0.041 Thread 0x000001a108692840 Thread added: 0x000001a108692840
Event: 0.071 Thread 0x000001a10864dc40 Thread added: 0x000001a10864dc40
Event: 0.107 Thread 0x000001a10ca890d0 Thread added: 0x000001a10ca890d0
Event: 0.107 Thread 0x000001a10ca373c0 Thread added: 0x000001a10ca373c0
Event: 0.107 Thread 0x000001a10ca37ca0 Thread added: 0x000001a10ca37ca0
Event: 0.644 Loaded shared library C:\Program Files\Java\jdk-18.0.1\bin\instrument.dll
Event: 0.664 Thread 0x000001a10ca9a9b0 Thread added: 0x000001a10ca9a9b0


Dynamic libraries:
0x00007ff688e90000 - 0x00007ff688ea0000 	C:\Program Files\Java\jdk-18.0.1\bin\java.exe
0x00007ffba92d0000 - 0x00007ffba94c8000 	C:\Windows\SYSTEM32\ntdll.dll
0x00007ffba8060000 - 0x00007ffba811f000 	C:\Windows\System32\KERNEL32.DLL
0x00007ffba6b10000 - 0x00007ffba6de2000 	C:\Windows\System32\KERNELBASE.dll
0x00007ffba7220000 - 0x00007ffba7320000 	C:\Windows\System32\ucrtbase.dll
0x00007ffba1890000 - 0x00007ffba18aa000 	C:\Program Files\Java\jdk-18.0.1\bin\VCRUNTIME140.dll
0x00007ffba18b0000 - 0x00007ffba18c8000 	C:\Program Files\Java\jdk-18.0.1\bin\jli.dll
0x00007ffba8cb0000 - 0x00007ffba8d5e000 	C:\Windows\System32\ADVAPI32.dll
0x00007ffba88d0000 - 0x00007ffba896e000 	C:\Windows\System32\msvcrt.dll
0x00007ffba7500000 - 0x00007ffba759c000 	C:\Windows\System32\sechost.dll
0x00007ffba73d0000 - 0x00007ffba74f4000 	C:\Windows\System32\RPCRT4.dll
0x00007ffba8120000 - 0x00007ffba82c1000 	C:\Windows\System32\USER32.dll
0x00007ffb97f40000 - 0x00007ffb981da000 	C:\Windows\WinSxS\amd64_microsoft.windows.common-controls_6595b64144ccf1df_6.0.19041.1110_none_60b5254171f9507e\COMCTL32.dll
0x00007ffba6ae0000 - 0x00007ffba6b02000 	C:\Windows\System32\win32u.dll
0x00007ffba8d60000 - 0x00007ffba8d8b000 	C:\Windows\System32\GDI32.dll
0x00007ffba69d0000 - 0x00007ffba6adf000 	C:\Windows\System32\gdi32full.dll
0x00007ffba7030000 - 0x00007ffba70cd000 	C:\Windows\System32\msvcp_win.dll
0x00007ffb9f160000 - 0x00007ffb9f16a000 	C:\Windows\SYSTEM32\VERSION.dll
0x00007ffba7830000 - 0x00007ffba7860000 	C:\Windows\System32\IMM32.DLL
0x00007ffba01e0000 - 0x00007ffba01ec000 	C:\Program Files\Java\jdk-18.0.1\bin\vcruntime140_1.dll
0x00007ffb911e0000 - 0x00007ffb9126d000 	C:\Program Files\Java\jdk-18.0.1\bin\msvcp140.dll
0x00007ffb44130000 - 0x00007ffb44d40000 	C:\Program Files\Java\jdk-18.0.1\bin\server\jvm.dll
0x00007ffba8c30000 - 0x00007ffba8c38000 	C:\Windows\System32\PSAPI.DLL
0x00007ffb98390000 - 0x00007ffb983b7000 	C:\Windows\SYSTEM32\WINMM.dll
0x00007ffba2820000 - 0x00007ffba2829000 	C:\Windows\SYSTEM32\WSOCK32.dll
0x00007ffba8c40000 - 0x00007ffba8cab000 	C:\Windows\System32\WS2_32.dll
0x00007ffba47d0000 - 0x00007ffba47e2000 	C:\Windows\SYSTEM32\kernel.appcore.dll
0x00007ffba01d0000 - 0x00007ffba01da000 	C:\Program Files\Java\jdk-18.0.1\bin\jimage.dll
0x00007ffb9e600000 - 0x00007ffb9e7e4000 	C:\Windows\SYSTEM32\DBGHELP.DLL
0x00007ffb9e430000 - 0x00007ffb9e465000 	C:\Windows\SYSTEM32\dbgcore.DLL
0x00007ffba7140000 - 0x00007ffba71c2000 	C:\Windows\System32\bcryptPrimitives.dll
0x00007ffb96300000 - 0x00007ffb9633b000 	C:\Program Files\Java\jdk-18.0.1\bin\jdwp.dll
0x00007ffb9cbd0000 - 0x00007ffb9cbde000 	C:\Program Files\Java\jdk-18.0.1\bin\instrument.dll
0x00007ffba01a0000 - 0x00007ffba01c5000 	C:\Program Files\Java\jdk-18.0.1\bin\java.dll
0x00007ffb966f0000 - 0x00007ffb96708000 	C:\Program Files\Java\jdk-18.0.1\bin\zip.dll
0x00007ffb60ec0000 - 0x00007ffb60f96000 	C:\Program Files\Java\jdk-18.0.1\bin\jsvml.dll
0x00007ffba7910000 - 0x00007ffba8055000 	C:\Windows\System32\SHELL32.dll
0x00007ffba4ab0000 - 0x00007ffba5242000 	C:\Windows\SYSTEM32\windows.storage.dll
0x00007ffba8f30000 - 0x00007ffba9285000 	C:\Windows\System32\combase.dll
0x00007ffba6430000 - 0x00007ffba6460000 	C:\Windows\SYSTEM32\Wldp.dll
0x00007ffba8740000 - 0x00007ffba87ed000 	C:\Windows\System32\SHCORE.dll
0x00007ffba8da0000 - 0x00007ffba8df5000 	C:\Windows\System32\shlwapi.dll
0x00007ffba6910000 - 0x00007ffba692f000 	C:\Windows\SYSTEM32\profapi.dll
0x00007ffb97380000 - 0x00007ffb9738c000 	C:\Program Files\Java\jdk-18.0.1\bin\dt_socket.dll
0x00007ffba5da0000 - 0x00007ffba5ddb000 	C:\Windows\SYSTEM32\IPHLPAPI.DLL
0x00007ffba6120000 - 0x00007ffba618a000 	C:\Windows\system32\mswsock.dll

dbghelp: loaded successfully - version: 4.0.5 - missing functions: none
symbol engine: initialized successfully - sym options: 0x614 - pdb path: .;C:\Program Files\Java\jdk-18.0.1\bin;C:\Windows\SYSTEM32;C:\Windows\WinSxS\amd64_microsoft.windows.common-controls_6595b64144ccf1df_6.0.19041.1110_none_60b5254171f9507e;C:\Program Files\Java\jdk-18.0.1\bin\server

VM Arguments:
jvm_args: -agentlib:jdwp=transport=dt_socket,address=127.0.0.1:55076,suspend=y,server=n -javaagent:C:\Users\Albatross\AppData\Local\JetBrains\IdeaIC2022.2\captureAgent\debugger-agent.jar -Dfile.encoding=UTF-8 -Dsun.stdout.encoding=UTF-8 -Dsun.stderr.encoding=UTF-8 
java_command: trash.TinkoffContestKt
java_class_path (initial): C:\Users\Albatross\IdeaProjects\CodeWars\out\production\CodeWars;C:\Users\Albatross\.m2\repository\org\jetbrains\kotlin\kotlin-stdlib-jdk8\1.7.21\kotlin-stdlib-jdk8-1.7.21.jar;C:\Users\Albatross\.m2\repository\org\jetbrains\kotlin\kotlin-stdlib\1.7.21\kotlin-stdlib-1.7.21.jar;C:\Users\Albatross\.m2\repository\org\jetbrains\kotlin\kotlin-stdlib-common\1.7.21\kotlin-stdlib-common-1.7.21.jar;C:\Users\Albatross\.m2\repository\org\jetbrains\annotations\13.0\annotations-13.0.jar;C:\Users\Albatross\.m2\repository\org\jetbrains\kotlin\kotlin-stdlib-jdk7\1.7.21\kotlin-stdlib-jdk7-1.7.21.jar;C:\Program Files\JetBrains\IntelliJ IDEA Community Edition 2022.2.3\lib\idea_rt.jar
Launcher Type: SUN_STANDARD

[Global flags]
     intx CICompilerCount                          = 4                                         {product} {ergonomic}
     uint ConcGCThreads                            = 2                                         {product} {ergonomic}
     uint G1ConcRefinementThreads                  = 8                                         {product} {ergonomic}
   size_t G1HeapRegionSize                         = 2097152                                   {product} {ergonomic}
    uintx GCDrainStackTargetSize                   = 64                                        {product} {ergonomic}
   size_t InitialHeapSize                          = 268435456                                 {product} {ergonomic}
   size_t MarkStackSize                            = 4194304                                   {product} {ergonomic}
   size_t MaxHeapSize                              = 4286578688                                {product} {ergonomic}
   size_t MaxNewSize                               = 2571108352                                {product} {ergonomic}
   size_t MinHeapDeltaBytes                        = 2097152                                   {product} {ergonomic}
   size_t MinHeapSize                              = 8388608                                   {product} {ergonomic}
    uintx NonNMethodCodeHeapSize                   = 5839372                                {pd product} {ergonomic}
    uintx NonProfiledCodeHeapSize                  = 122909434                              {pd product} {ergonomic}
    uintx ProfiledCodeHeapSize                     = 122909434                              {pd product} {ergonomic}
    uintx ReservedCodeCacheSize                    = 251658240                              {pd product} {ergonomic}
     bool SegmentedCodeCache                       = true                                      {product} {ergonomic}
   size_t SoftMaxHeapSize                          = 4286578688                             {manageable} {ergonomic}
     bool UseCompressedClassPointers               = true                           {product lp64_product} {ergonomic}
     bool UseCompressedOops                        = true                           {product lp64_product} {ergonomic}
     bool UseG1GC                                  = true                                      {product} {ergonomic}
     bool UseLargePagesIndividualAllocation        = false                                  {pd product} {ergonomic}

Logging:
Log output configuration:
 #0: stdout all=warning uptime,level,tags foldmultilines=false
 #1: stderr all=off uptime,level,tags foldmultilines=false

Environment Variables:
PATH=C:\Program Files\Common Files\Oracle\Java\javapath;C:\Program Files (x86)\Intel\iCLS Client\;C:\Program Files\Intel\iCLS Client\;C:\Windows\system32;C:\Windows;C:\Windows\System32\Wbem;C:\Windows\System32\WindowsPowerShell\v1.0\;C:\Windows\System32\OpenSSH\;C:\Program Files\Intel\Intel(R) Management Engine Components\DAL;C:\Program Files\Intel\Intel(R) Management Engine Components\IPT;C:\Program Files (x86)\Intel\Intel(R) Management Engine Components\DAL;C:\Program Files (x86)\Intel\Intel(R) Management Engine Components\IPT;C:\Program Files (x86)\NVIDIA Corporation\PhysX\Common;C:\Program Files (x86)\dotnet\;C:\Program Files\Git\cmd;C:\Users\Albatross\AppData\Local\Microsoft\WindowsApps;
USERNAME=Albatross
OS=Windows_NT
PROCESSOR_IDENTIFIER=Intel64 Family 6 Model 58 Stepping 9, GenuineIntel



---------------  S Y S T E M  ---------------

OS:
 Windows 10 , 64 bit Build 19041 (10.0.19041.2546)
OS uptime: 4 days 11:08 hours

CPU: total 8 (initial active 8) (4 cores per cpu, 2 threads per core) family 6 model 58 stepping 9 microcode 0x21, cx8, cmov, fxsr, ht, mmx, sse, sse2, sse3, ssse3, sse4.1, sse4.2, popcnt, tsc, tscinvbit, avx, aes, erms, clmul, vzeroupper, clflush

Memory: 4k page, system-wide physical 16345M (9210M free)
TotalPageFile size 18777M (AvailPageFile size 10585M)
current process WorkingSet (physical memory assigned to process): 34M, peak: 34M
current process commit charge ("private bytes"): 344M, peak: 344M

vm_info: Java HotSpot(TM) 64-Bit Server VM (18.0.1+10-24) for windows-amd64 JRE (18.0.1+10-24), built on Mar  9 2022 22:41:56 by "mach5one" with MS VC++ 16.8 / 16.9 (VS2019)

END.
